<?xml version="1.0" encoding="UTF-8"?>
<testsuites>
  <testsuite name="C:\laragon\www\Testing-laravel-material\phpunit.xml" tests="4" assertions="47" errors="0" failures="2" skipped="0" time="0.522546">
    <testsuite name="Unit" tests="1" assertions="1" errors="0" failures="0" skipped="0" time="0.005850">
      <testsuite name="Tests\Unit\ExampleTest" file="C:\laragon\www\Testing-laravel-material\tests\Unit\ExampleTest.php" tests="1" assertions="1" errors="0" failures="0" skipped="0" time="0.005850">
        <testcase name="test_that_true_is_true" file="C:\laragon\www\Testing-laravel-material\tests\Unit\ExampleTest.php" line="12" class="Tests\Unit\ExampleTest" classname="Tests.Unit.ExampleTest" assertions="1" time="0.005850"/>
      </testsuite>
    </testsuite>
    <testsuite name="Feature" tests="3" assertions="46" errors="0" failures="2" skipped="0" time="0.516695">
      <testsuite name="Tests\Feature\ExampleTest" file="C:\laragon\www\Testing-laravel-material\tests\Feature\ExampleTest.php" tests="1" assertions="1" errors="0" failures="1" skipped="0" time="0.275357">
        <testcase name="test_the_application_returns_a_successful_response" file="C:\laragon\www\Testing-laravel-material\tests\Feature\ExampleTest.php" line="13" class="Tests\Feature\ExampleTest" classname="Tests.Feature.ExampleTest" assertions="1" time="0.275357">
          <failure type="PHPUnit\Framework\ExpectationFailedException">Tests\Feature\ExampleTest::test_the_application_returns_a_successful_response&#13;
Expected response status code [200] but received 302.
Failed asserting that 302 is identical to 200.
&#13;
C:\laragon\www\Testing-laravel-material\vendor\laravel\framework\src\Illuminate\Testing\TestResponseAssert.php:45
C:\laragon\www\Testing-laravel-material\vendor\laravel\framework\src\Illuminate\Testing\TestResponse.php:174
C:\laragon\www\Testing-laravel-material\tests\Feature\ExampleTest.php:17</failure>
          <system-out>
</system-out>
        </testcase>
      </testsuite>
      <testsuite name="Tests\Feature\TaskApiTest" file="C:\laragon\www\Testing-laravel-material\tests\Feature\TaskApiTest.php" tests="1" assertions="1" errors="0" failures="1" skipped="0" time="0.209214">
        <testcase name="test_can_get_all_tasks" file="C:\laragon\www\Testing-laravel-material\tests\Feature\TaskApiTest.php" line="14" class="Tests\Feature\TaskApiTest" classname="Tests.Feature.TaskApiTest" assertions="1" time="0.209214">
          <failure type="PHPUnit\Framework\ExpectationFailedException">Tests\Feature\TaskApiTest::test_can_get_all_tasks&#13;
Expected response status code [200] but received 404.
Failed asserting that 404 is identical to 200.
&#13;
C:\laragon\www\Testing-laravel-material\vendor\laravel\framework\src\Illuminate\Testing\TestResponseAssert.php:45
C:\laragon\www\Testing-laravel-material\vendor\laravel\framework\src\Illuminate\Testing\TestResponse.php:174
C:\laragon\www\Testing-laravel-material\tests\Feature\TaskApiTest.php:21</failure>
          <system-out>
</system-out>
        </testcase>
      </testsuite>
      <testsuite name="Tests\Feature\TasksJsonTest" file="C:\laragon\www\Testing-laravel-material\tests\Feature\TasksJsonTest.php" tests="1" assertions="44" errors="0" failures="0" skipped="0" time="0.032124">
        <testcase name="it_returns_all_tasks_as_json" file="C:\laragon\www\Testing-laravel-material\tests\Feature\TasksJsonTest.php" line="15" class="Tests\Feature\TasksJsonTest" classname="Tests.Feature.TasksJsonTest" assertions="44" time="0.032124">
          <system-out>
</system-out>
        </testcase>
      </testsuite>
    </testsuite>
  </testsuite>
</testsuites>
